Got config end = ''
e32:TCP connect to perforce:1666 failed.\nNo such host is known. \n
StatusCommand::Run()
fstat  "C:/Users/Sasha/Desktop/Waves/ProjectSettings/AudioManager.asset" "C:/Users/Sasha/Desktop/Waves/ProjectSettings/ClusterInputManager.asset" "C:/Users/Sasha/Desktop/Waves/ProjectSettings/DynamicsManager.asset" "C:/Users/Sasha/Desktop/Waves/ProjectSettings/EditorBuildSettings.asset" "C:/Users/Sasha/Desktop/Waves/ProjectSettings/EditorSettings.asset" "C:/Users/Sasha/Desktop/Waves/ProjectSettings/GraphicsSettings.asset" "C:/Users/Sasha/Desktop/Waves/ProjectSettings/InputManager.asset" "C:/Users/Sasha/Desktop/Waves/ProjectSettings/NavMeshAreas.asset" "C:/Users/Sasha/Desktop/Waves/ProjectSettings/NetworkManager.asset" "C:/Users/Sasha/Desktop/Waves/ProjectSettings/Physics2DSettings.asset" "C:/Users/Sasha/Desktop/Waves/ProjectSettings/ProjectSettings.asset" "C:/Users/Sasha/Desktop/Waves/ProjectSettings/ProjectVersion.txt" "C:/Users/Sasha/Desktop/Waves/ProjectSettings/QualitySettings.asset" "C:/Users/Sasha/Desktop/Waves/ProjectSettings/TagManager.asset" "C:/Users/Sasha/Desktop/Waves/ProjectSettings/TimeManager.asset" "C:/Users/Sasha/Desktop/Waves/ProjectSettings/UnityConnectSettings.asset" 
e32:TCP connect to perforce:1666 failed.\nNo such host is known. \n
Got config end = ''
e32:TCP connect to perforce:1666 failed.\nNo such host is known. \n
StatusCommand::Run()
fstat  "C:/Users/Sasha/Desktop/Waves/ProjectSettings/AudioManager.asset" "C:/Users/Sasha/Desktop/Waves/ProjectSettings/ClusterInputManager.asset" "C:/Users/Sasha/Desktop/Waves/ProjectSettings/DynamicsManager.asset" "C:/Users/Sasha/Desktop/Waves/ProjectSettings/EditorBuildSettings.asset" "C:/Users/Sasha/Desktop/Waves/ProjectSettings/EditorSettings.asset" "C:/Users/Sasha/Desktop/Waves/ProjectSettings/GraphicsSettings.asset" "C:/Users/Sasha/Desktop/Waves/ProjectSettings/InputManager.asset" "C:/Users/Sasha/Desktop/Waves/ProjectSettings/NavMeshAreas.asset" "C:/Users/Sasha/Desktop/Waves/ProjectSettings/NetworkManager.asset" "C:/Users/Sasha/Desktop/Waves/ProjectSettings/Physics2DSettings.asset" "C:/Users/Sasha/Desktop/Waves/ProjectSettings/ProjectSettings.asset" "C:/Users/Sasha/Desktop/Waves/ProjectSettings/ProjectVersion.txt" "C:/Users/Sasha/Desktop/Waves/ProjectSettings/QualitySettings.asset" "C:/Users/Sasha/Desktop/Waves/ProjectSettings/TagManager.asset" "C:/Users/Sasha/Desktop/Waves/ProjectSettings/TimeManager.asset" "C:/Users/Sasha/Desktop/Waves/ProjectSettings/UnityConnectSettings.asset" 
e32:TCP connect to perforce:1666 failed.\nNo such host is known. \n
Got config end = ''
e32:TCP connect to perforce:1666 failed.\nNo such host is known. \n
StatusCommand::Run()
fstat  "C:/Users/Sasha/Desktop/Waves/ProjectSettings/AudioManager.asset" "C:/Users/Sasha/Desktop/Waves/ProjectSettings/ClusterInputManager.asset" "C:/Users/Sasha/Desktop/Waves/ProjectSettings/DynamicsManager.asset" "C:/Users/Sasha/Desktop/Waves/ProjectSettings/EditorBuildSettings.asset" "C:/Users/Sasha/Desktop/Waves/ProjectSettings/EditorSettings.asset" "C:/Users/Sasha/Desktop/Waves/ProjectSettings/GraphicsSettings.asset" "C:/Users/Sasha/Desktop/Waves/ProjectSettings/InputManager.asset" "C:/Users/Sasha/Desktop/Waves/ProjectSettings/NavMeshAreas.asset" "C:/Users/Sasha/Desktop/Waves/ProjectSettings/NetworkManager.asset" "C:/Users/Sasha/Desktop/Waves/ProjectSettings/Physics2DSettings.asset" "C:/Users/Sasha/Desktop/Waves/ProjectSettings/ProjectSettings.asset" "C:/Users/Sasha/Desktop/Waves/ProjectSettings/ProjectVersion.txt" "C:/Users/Sasha/Desktop/Waves/ProjectSettings/QualitySettings.asset" "C:/Users/Sasha/Desktop/Waves/ProjectSettings/TagManager.asset" "C:/Users/Sasha/Desktop/Waves/ProjectSettings/TimeManager.asset" "C:/Users/Sasha/Desktop/Waves/ProjectSettings/UnityConnectSettings.asset" 
e32:TCP connect to perforce:1666 failed.\nNo such host is known. \n
Got config end = ''
e32:TCP connect to perforce:1666 failed.\nNo such host is known. \n
StatusCommand::Run()
fstat  "C:/Users/Sasha/Desktop/Waves/ProjectSettings/AudioManager.asset" "C:/Users/Sasha/Desktop/Waves/ProjectSettings/ClusterInputManager.asset" "C:/Users/Sasha/Desktop/Waves/ProjectSettings/DynamicsManager.asset" "C:/Users/Sasha/Desktop/Waves/ProjectSettings/EditorBuildSettings.asset" "C:/Users/Sasha/Desktop/Waves/ProjectSettings/EditorSettings.asset" "C:/Users/Sasha/Desktop/Waves/ProjectSettings/GraphicsSettings.asset" "C:/Users/Sasha/Desktop/Waves/ProjectSettings/InputManager.asset" "C:/Users/Sasha/Desktop/Waves/ProjectSettings/NavMeshAreas.asset" "C:/Users/Sasha/Desktop/Waves/ProjectSettings/NetworkManager.asset" "C:/Users/Sasha/Desktop/Waves/ProjectSettings/Physics2DSettings.asset" "C:/Users/Sasha/Desktop/Waves/ProjectSettings/ProjectSettings.asset" "C:/Users/Sasha/Desktop/Waves/ProjectSettings/ProjectVersion.txt" "C:/Users/Sasha/Desktop/Waves/ProjectSettings/QualitySettings.asset" "C:/Users/Sasha/Desktop/Waves/ProjectSettings/TagManager.asset" "C:/Users/Sasha/Desktop/Waves/ProjectSettings/TimeManager.asset" "C:/Users/Sasha/Desktop/Waves/ProjectSettings/UnityConnectSettings.asset" 
e32:TCP connect to perforce:1666 failed.\nNo such host is known. \n
Got config end = ''
e32:TCP connect to perforce:1666 failed.\nNo such host is known. \n
StatusCommand::Run()
fstat  "C:/Users/Sasha/Desktop/Waves/ProjectSettings/AudioManager.asset" "C:/Users/Sasha/Desktop/Waves/ProjectSettings/ClusterInputManager.asset" "C:/Users/Sasha/Desktop/Waves/ProjectSettings/DynamicsManager.asset" "C:/Users/Sasha/Desktop/Waves/ProjectSettings/EditorBuildSettings.asset" "C:/Users/Sasha/Desktop/Waves/ProjectSettings/EditorSettings.asset" "C:/Users/Sasha/Desktop/Waves/ProjectSettings/GraphicsSettings.asset" "C:/Users/Sasha/Desktop/Waves/ProjectSettings/InputManager.asset" "C:/Users/Sasha/Desktop/Waves/ProjectSettings/NavMeshAreas.asset" "C:/Users/Sasha/Desktop/Waves/ProjectSettings/NetworkManager.asset" "C:/Users/Sasha/Desktop/Waves/ProjectSettings/Physics2DSettings.asset" "C:/Users/Sasha/Desktop/Waves/ProjectSettings/ProjectSettings.asset" "C:/Users/Sasha/Desktop/Waves/ProjectSettings/ProjectVersion.txt" "C:/Users/Sasha/Desktop/Waves/ProjectSettings/QualitySettings.asset" "C:/Users/Sasha/Desktop/Waves/ProjectSettings/TagManager.asset" "C:/Users/Sasha/Desktop/Waves/ProjectSettings/TimeManager.asset" "C:/Users/Sasha/Desktop/Waves/ProjectSettings/UnityConnectSettings.asset" 
e32:TCP connect to perforce:1666 failed.\nNo such host is known. \n
StatusCommand::Run()
fstat  "C:/Users/Sasha/Desktop/Waves/ProjectSettings/EditorSettings.asset" "C:/Users/Sasha/Desktop/Waves/ProjectSettings/EditorSettings.asset.meta" 
e32:TCP connect to perforce:1666 failed.\nNo such host is known. \n
